  shaderProcessing.cpp
C:\CPPProjects\GraphAlgorithmsOpenGl\src\shaderProcessing.cpp(20,24): warning C4244: '=': conversion from 'std::streamoff' to 'int', possible loss of data
main.obj : error LNK2019: unresolved external symbol __imp__glClear@4 referenced in function _main
main.obj : error LNK2019: unresolved external symbol __imp__glClearColor@16 referenced in function "struct GLFWwindow * __cdecl setUp(void)" (?setUp@@YAPAUGLFWwindow@@XZ)
main.obj : error LNK2019: unresolved external symbol __imp__glDrawElements@16 referenced in function _main
main.obj : error LNK2019: unresolved external symbol __imp__glEnable@4 referenced in function "struct GLFWwindow * __cdecl setUp(void)" (?setUp@@YAPAUGLFWwindow@@XZ)
main.obj : error LNK2019: unresolved external symbol __imp__glGetString@4 referenced in function "struct GLFWwindow * __cdecl setUp(void)" (?setUp@@YAPAUGLFWwindow@@XZ)
main.obj : error LNK2019: unresolved external symbol __imp__glPolygonMode@8 referenced in function "void __cdecl processInput(struct GLFWwindow *)" (?processInput@@YAXPAUGLFWwindow@@@Z)
main.obj : error LNK2019: unresolved external symbol __imp__glViewport@16 referenced in function "void __cdecl framebufferSizeCallback(struct GLFWwindow *,int,int)" (?framebufferSizeCallback@@YAXPAUGLFWwindow@@HH@Z)
main.obj : error LNK2019: unresolved external symbol _glewInit@0 referenced in function "struct GLFWwindow * __cdecl setUp(void)" (?setUp@@YAPAUGLFWwindow@@XZ)
main.obj : error LNK2019: unresolved external symbol _glfwInit referenced in function "struct GLFWwindow * __cdecl setUp(void)" (?setUp@@YAPAUGLFWwindow@@XZ)
main.obj : error LNK2019: unresolved external symbol _glfwTerminate referenced in function "struct GLFWwindow * __cdecl setUp(void)" (?setUp@@YAPAUGLFWwindow@@XZ)
main.obj : error LNK2019: unresolved external symbol _glfwCreateWindow referenced in function "struct GLFWwindow * __cdecl setUp(void)" (?setUp@@YAPAUGLFWwindow@@XZ)
main.obj : error LNK2019: unresolved external symbol _glfwWindowShouldClose referenced in function _main
main.obj : error LNK2019: unresolved external symbol _glfwSetWindowShouldClose referenced in function "void __cdecl processInput(struct GLFWwindow *)" (?processInput@@YAXPAUGLFWwindow@@@Z)
main.obj : error LNK2019: unresolved external symbol _glfwSetFramebufferSizeCallback referenced in function "struct GLFWwindow * __cdecl setUp(void)" (?setUp@@YAPAUGLFWwindow@@XZ)
main.obj : error LNK2019: unresolved external symbol _glfwPollEvents referenced in function _main
main.obj : error LNK2019: unresolved external symbol _glfwGetKey referenced in function "void __cdecl processInput(struct GLFWwindow *)" (?processInput@@YAXPAUGLFWwindow@@@Z)
main.obj : error LNK2019: unresolved external symbol _glfwMakeContextCurrent referenced in function "struct GLFWwindow * __cdecl setUp(void)" (?setUp@@YAPAUGLFWwindow@@XZ)
main.obj : error LNK2019: unresolved external symbol _glfwSwapBuffers referenced in function _main
main.obj : error LNK2019: unresolved external symbol _glfwSwapInterval referenced in function "struct GLFWwindow * __cdecl setUp(void)" (?setUp@@YAPAUGLFWwindow@@XZ)
main.obj : error LNK2001: unresolved external symbol ___glewBindBuffer
main.obj : error LNK2001: unresolved external symbol ___glewBufferData
main.obj : error LNK2001: unresolved external symbol ___glewGenBuffers
main.obj : error LNK2001: unresolved external symbol ___glewEnableVertexAttribArray
main.obj : error LNK2001: unresolved external symbol ___glewGetUniformLocation
main.obj : error LNK2001: unresolved external symbol ___glewUniform4f
main.obj : error LNK2001: unresolved external symbol ___glewVertexAttribPointer
main.obj : error LNK2001: unresolved external symbol ___glewBindVertexArray
main.obj : error LNK2001: unresolved external symbol ___glewGenVertexArrays
main.obj : error LNK2001: unresolved external symbol ___glewDebugMessageCallback
shaderProcessing.obj : error LNK2019: unresolved external symbol __imp____glewAttachShader referenced in function "unsigned int __cdecl createShaderProgram(char const *,char const *)" (?createShaderProgram@@YAIPBD0@Z)
shaderProcessing.obj : error LNK2019: unresolved external symbol __imp____glewCompileShader referenced in function "unsigned int __cdecl compileShader(unsigned int,char const *)" (?compileShader@@YAIIPBD@Z)
shaderProcessing.obj : error LNK2019: unresolved external symbol __imp____glewCreateProgram referenced in function "unsigned int __cdecl createShaderProgram(char const *,char const *)" (?createShaderProgram@@YAIPBD0@Z)
shaderProcessing.obj : error LNK2019: unresolved external symbol __imp____glewCreateShader referenced in function "unsigned int __cdecl compileShader(unsigned int,char const *)" (?compileShader@@YAIIPBD@Z)
shaderProcessing.obj : error LNK2019: unresolved external symbol __imp____glewDeleteProgram referenced in function "unsigned int __cdecl setUpShaderProgram(void)" (?setUpShaderProgram@@YAIXZ)
shaderProcessing.obj : error LNK2019: unresolved external symbol __imp____glewDeleteShader referenced in function "unsigned int __cdecl compileShader(unsigned int,char const *)" (?compileShader@@YAIIPBD@Z)
shaderProcessing.obj : error LNK2019: unresolved external symbol __imp____glewGetProgramiv referenced in function "unsigned int __cdecl createShaderProgram(char const *,char const *)" (?createShaderProgram@@YAIPBD0@Z)
shaderProcessing.obj : error LNK2019: unresolved external symbol __imp____glewGetShaderInfoLog referenced in function "unsigned int __cdecl compileShader(unsigned int,char const *)" (?compileShader@@YAIIPBD@Z)
shaderProcessing.obj : error LNK2019: unresolved external symbol __imp____glewGetShaderiv referenced in function "unsigned int __cdecl compileShader(unsigned int,char const *)" (?compileShader@@YAIIPBD@Z)
shaderProcessing.obj : error LNK2019: unresolved external symbol __imp____glewLinkProgram referenced in function "unsigned int __cdecl createShaderProgram(char const *,char const *)" (?createShaderProgram@@YAIPBD0@Z)
shaderProcessing.obj : error LNK2019: unresolved external symbol __imp____glewShaderSource referenced in function "unsigned int __cdecl compileShader(unsigned int,char const *)" (?compileShader@@YAIIPBD@Z)
shaderProcessing.obj : error LNK2019: unresolved external symbol __imp____glewUseProgram referenced in function "unsigned int __cdecl setUpShaderProgram(void)" (?setUpShaderProgram@@YAIXZ)
shaderProcessing.obj : error LNK2019: unresolved external symbol __imp____glewValidateProgram referenced in function "unsigned int __cdecl createShaderProgram(char const *,char const *)" (?createShaderProgram@@YAIPBD0@Z)
C:\CPPProjects\GraphAlgorithmsOpenGl\Dependencies\lib\glfw3.lib : warning LNK4272: library machine type 'x64' conflicts with target machine type 'x86'
C:\CPPProjects\GraphAlgorithmsOpenGl\Debug\GraphAlgorithmsOpenGl.exe : fatal error LNK1120: 42 unresolved externals
