  ShaderProgram.cpp
C:\CPPProjects\GraphAlgorithmsOpenGl\src\ShaderProgram.cpp(23,57): warning C4244: 'argument': conversion from 'float' to 'GLint', possible loss of data
  main.cpp
  Generating Code...
LINK : warning LNK4098: defaultlib 'LIBCMT' conflicts with use of other libs; use /NODEFAULTLIB:library
LINK : warning LNK4217: symbol 'glewInit' defined in 'glew32s.lib(glew.obj)' is imported by 'Setup.obj' in function '"struct GLFWwindow * __cdecl setUp(void)" (?setUp@@YAPEAUGLFWwindow@@XZ)'
LINK : warning LNK4217: symbol '__glewDebugMessageCallback' defined in 'glew32s.lib(glew.obj)' is imported by 'Setup.obj' in function '"struct GLFWwindow * __cdecl setUp(void)" (?setUp@@YAPEAUGLFWwindow@@XZ)'
LINK : warning LNK4217: symbol '__glewAttachShader' defined in 'glew32s.lib(glew.obj)' is imported by 'ShaderProgram.obj' in function '"private: unsigned int __cdecl ShaderProgram::createShaderProgram(char const *,char const *)" (?createShaderProgram@ShaderProgram@@AEAAIPEBD0@Z)'
LINK : warning LNK4217: symbol '__glewCompileShader' defined in 'glew32s.lib(glew.obj)' is imported by 'ShaderProgram.obj' in function '"private: unsigned int __cdecl ShaderProgram::compileShader(unsigned int,char const *)" (?compileShader@ShaderProgram@@AEAAIIPEBD@Z)'
LINK : warning LNK4217: symbol '__glewCreateProgram' defined in 'glew32s.lib(glew.obj)' is imported by 'ShaderProgram.obj' in function '"private: unsigned int __cdecl ShaderProgram::createShaderProgram(char const *,char const *)" (?createShaderProgram@ShaderProgram@@AEAAIPEBD0@Z)'
LINK : warning LNK4217: symbol '__glewCreateShader' defined in 'glew32s.lib(glew.obj)' is imported by 'ShaderProgram.obj' in function '"private: unsigned int __cdecl ShaderProgram::compileShader(unsigned int,char const *)" (?compileShader@ShaderProgram@@AEAAIIPEBD@Z)'
LINK : warning LNK4217: symbol '__glewDeleteProgram' defined in 'glew32s.lib(glew.obj)' is imported by 'ShaderProgram.obj' in function '"public: void __cdecl ShaderProgram::destroy(void)" (?destroy@ShaderProgram@@QEAAXXZ)'
LINK : warning LNK4217: symbol '__glewDeleteShader' defined in 'glew32s.lib(glew.obj)' is imported by 'ShaderProgram.obj' in function '"private: unsigned int __cdecl ShaderProgram::compileShader(unsigned int,char const *)" (?compileShader@ShaderProgram@@AEAAIIPEBD@Z)'
LINK : warning LNK4217: symbol '__glewGetProgramiv' defined in 'glew32s.lib(glew.obj)' is imported by 'ShaderProgram.obj' in function '"private: unsigned int __cdecl ShaderProgram::createShaderProgram(char const *,char const *)" (?createShaderProgram@ShaderProgram@@AEAAIPEBD0@Z)'
LINK : warning LNK4217: symbol '__glewGetShaderInfoLog' defined in 'glew32s.lib(glew.obj)' is imported by 'ShaderProgram.obj' in function '"private: unsigned int __cdecl ShaderProgram::compileShader(unsigned int,char const *)" (?compileShader@ShaderProgram@@AEAAIIPEBD@Z)'
LINK : warning LNK4217: symbol '__glewGetShaderiv' defined in 'glew32s.lib(glew.obj)' is imported by 'ShaderProgram.obj' in function '"private: unsigned int __cdecl ShaderProgram::compileShader(unsigned int,char const *)" (?compileShader@ShaderProgram@@AEAAIIPEBD@Z)'
LINK : warning LNK4217: symbol '__glewGetUniformLocation' defined in 'glew32s.lib(glew.obj)' is imported by 'ShaderProgram.obj' in function '"public: void __cdecl ShaderProgram::setBool(class std::basic_string<char,struct std::char_traits<char>,class std::allocator<char> > const &,bool)const " (?setBool@ShaderProgram@@QEBAXAEBV?$basic_string@DU?$char_traits@D@std@@V?$allocator@D@2@@std@@_N@Z)'
LINK : warning LNK4217: symbol '__glewLinkProgram' defined in 'glew32s.lib(glew.obj)' is imported by 'ShaderProgram.obj' in function '"private: unsigned int __cdecl ShaderProgram::createShaderProgram(char const *,char const *)" (?createShaderProgram@ShaderProgram@@AEAAIPEBD0@Z)'
LINK : warning LNK4217: symbol '__glewShaderSource' defined in 'glew32s.lib(glew.obj)' is imported by 'ShaderProgram.obj' in function '"private: unsigned int __cdecl ShaderProgram::compileShader(unsigned int,char const *)" (?compileShader@ShaderProgram@@AEAAIIPEBD@Z)'
LINK : warning LNK4217: symbol '__glewUniform1i' defined in 'glew32s.lib(glew.obj)' is imported by 'ShaderProgram.obj' in function '"public: void __cdecl ShaderProgram::setBool(class std::basic_string<char,struct std::char_traits<char>,class std::allocator<char> > const &,bool)const " (?setBool@ShaderProgram@@QEBAXAEBV?$basic_string@DU?$char_traits@D@std@@V?$allocator@D@2@@std@@_N@Z)'
LINK : warning LNK4217: symbol '__glewUseProgram' defined in 'glew32s.lib(glew.obj)' is imported by 'ShaderProgram.obj' in function '"private: unsigned int __cdecl ShaderProgram::setUpShaderProgram(char const *,char const *)" (?setUpShaderProgram@ShaderProgram@@AEAAIPEBD0@Z)'
LINK : warning LNK4217: symbol '__glewValidateProgram' defined in 'glew32s.lib(glew.obj)' is imported by 'ShaderProgram.obj' in function '"private: unsigned int __cdecl ShaderProgram::createShaderProgram(char const *,char const *)" (?createShaderProgram@ShaderProgram@@AEAAIPEBD0@Z)'
glfw3.lib(context.obj) : warning LNK4099: PDB 'glfw3.pdb' was not found with 'glfw3.lib(context.obj)' or at 'C:\CPPProjects\GraphAlgorithmsOpenGl\x64\Debug\glfw3.pdb'; linking object as if no debug info
glfw3.lib(init.obj) : warning LNK4099: PDB 'glfw3.pdb' was not found with 'glfw3.lib(init.obj)' or at 'C:\CPPProjects\GraphAlgorithmsOpenGl\x64\Debug\glfw3.pdb'; linking object as if no debug info
glfw3.lib(input.obj) : warning LNK4099: PDB 'glfw3.pdb' was not found with 'glfw3.lib(input.obj)' or at 'C:\CPPProjects\GraphAlgorithmsOpenGl\x64\Debug\glfw3.pdb'; linking object as if no debug info
glfw3.lib(monitor.obj) : warning LNK4099: PDB 'glfw3.pdb' was not found with 'glfw3.lib(monitor.obj)' or at 'C:\CPPProjects\GraphAlgorithmsOpenGl\x64\Debug\glfw3.pdb'; linking object as if no debug info
glfw3.lib(platform.obj) : warning LNK4099: PDB 'glfw3.pdb' was not found with 'glfw3.lib(platform.obj)' or at 'C:\CPPProjects\GraphAlgorithmsOpenGl\x64\Debug\glfw3.pdb'; linking object as if no debug info
glfw3.lib(vulkan.obj) : warning LNK4099: PDB 'glfw3.pdb' was not found with 'glfw3.lib(vulkan.obj)' or at 'C:\CPPProjects\GraphAlgorithmsOpenGl\x64\Debug\glfw3.pdb'; linking object as if no debug info
glfw3.lib(window.obj) : warning LNK4099: PDB 'glfw3.pdb' was not found with 'glfw3.lib(window.obj)' or at 'C:\CPPProjects\GraphAlgorithmsOpenGl\x64\Debug\glfw3.pdb'; linking object as if no debug info
glfw3.lib(egl_context.obj) : warning LNK4099: PDB 'glfw3.pdb' was not found with 'glfw3.lib(egl_context.obj)' or at 'C:\CPPProjects\GraphAlgorithmsOpenGl\x64\Debug\glfw3.pdb'; linking object as if no debug info
glfw3.lib(osmesa_context.obj) : warning LNK4099: PDB 'glfw3.pdb' was not found with 'glfw3.lib(osmesa_context.obj)' or at 'C:\CPPProjects\GraphAlgorithmsOpenGl\x64\Debug\glfw3.pdb'; linking object as if no debug info
glfw3.lib(null_init.obj) : warning LNK4099: PDB 'glfw3.pdb' was not found with 'glfw3.lib(null_init.obj)' or at 'C:\CPPProjects\GraphAlgorithmsOpenGl\x64\Debug\glfw3.pdb'; linking object as if no debug info
glfw3.lib(null_monitor.obj) : warning LNK4099: PDB 'glfw3.pdb' was not found with 'glfw3.lib(null_monitor.obj)' or at 'C:\CPPProjects\GraphAlgorithmsOpenGl\x64\Debug\glfw3.pdb'; linking object as if no debug info
glfw3.lib(null_window.obj) : warning LNK4099: PDB 'glfw3.pdb' was not found with 'glfw3.lib(null_window.obj)' or at 'C:\CPPProjects\GraphAlgorithmsOpenGl\x64\Debug\glfw3.pdb'; linking object as if no debug info
glfw3.lib(null_joystick.obj) : warning LNK4099: PDB 'glfw3.pdb' was not found with 'glfw3.lib(null_joystick.obj)' or at 'C:\CPPProjects\GraphAlgorithmsOpenGl\x64\Debug\glfw3.pdb'; linking object as if no debug info
glfw3.lib(win32_module.obj) : warning LNK4099: PDB '' was not found with 'glfw3.lib(win32_module.obj)' or at ''; linking object as if no debug info
glfw3.lib(win32_time.obj) : warning LNK4099: PDB '' was not found with 'glfw3.lib(win32_time.obj)' or at ''; linking object as if no debug info
glfw3.lib(win32_thread.obj) : warning LNK4099: PDB 'glfw3.pdb' was not found with 'glfw3.lib(win32_thread.obj)' or at 'C:\CPPProjects\GraphAlgorithmsOpenGl\x64\Debug\glfw3.pdb'; linking object as if no debug info
glfw3.lib(win32_init.obj) : warning LNK4099: PDB 'glfw3.pdb' was not found with 'glfw3.lib(win32_init.obj)' or at 'C:\CPPProjects\GraphAlgorithmsOpenGl\x64\Debug\glfw3.pdb'; linking object as if no debug info
glfw3.lib(win32_joystick.obj) : warning LNK4099: PDB 'glfw3.pdb' was not found with 'glfw3.lib(win32_joystick.obj)' or at 'C:\CPPProjects\GraphAlgorithmsOpenGl\x64\Debug\glfw3.pdb'; linking object as if no debug info
glfw3.lib(win32_monitor.obj) : warning LNK4099: PDB 'glfw3.pdb' was not found with 'glfw3.lib(win32_monitor.obj)' or at 'C:\CPPProjects\GraphAlgorithmsOpenGl\x64\Debug\glfw3.pdb'; linking object as if no debug info
glfw3.lib(win32_window.obj) : warning LNK4099: PDB 'glfw3.pdb' was not found with 'glfw3.lib(win32_window.obj)' or at 'C:\CPPProjects\GraphAlgorithmsOpenGl\x64\Debug\glfw3.pdb'; linking object as if no debug info
glfw3.lib(wgl_context.obj) : warning LNK4099: PDB 'glfw3.pdb' was not found with 'glfw3.lib(wgl_context.obj)' or at 'C:\CPPProjects\GraphAlgorithmsOpenGl\x64\Debug\glfw3.pdb'; linking object as if no debug info
glew32s.lib(glew.obj) : warning LNK4099: PDB 'vc120.pdb' was not found with 'glew32s.lib(glew.obj)' or at 'C:\CPPProjects\GraphAlgorithmsOpenGl\x64\Debug\vc120.pdb'; linking object as if no debug info
  GraphAlgorithmsOpenGl.vcxproj -> C:\CPPProjects\GraphAlgorithmsOpenGl\x64\Debug\GraphAlgorithmsOpenGl.exe
